[debug] [2025-01-05T10:27:01.866Z] ----------------------------------------------------------------------
[debug] [2025-01-05T10:27:01.868Z] Command:       /Users/serhiisolianenko/.nvm/versions/node/v19.9.0/bin/node /Users/serhiisolianenko/.nvm/versions/node/v19.9.0/bin/firebase emulators:start --only functions
[debug] [2025-01-05T10:27:01.868Z] CLI Version:   13.29.1
[debug] [2025-01-05T10:27:01.868Z] Platform:      darwin
[debug] [2025-01-05T10:27:01.868Z] Node Version:  v19.9.0
[debug] [2025-01-05T10:27:01.869Z] Time:          Sun Jan 05 2025 12:27:01 GMT+0200 (Eastern European Standard Time)
[debug] [2025-01-05T10:27:01.869Z] ----------------------------------------------------------------------
[debug] 
[debug] [2025-01-05T10:27:01.913Z] > command requires scopes: ["email","openid","https://www.googleapis.com/auth/cloudplatformprojects.readonly","https://www.googleapis.com/auth/firebase","https://www.googleapis.com/auth/cloud-platform"]
[debug] [2025-01-05T10:27:01.914Z] > authorizing via signed-in user (cergejcolanenko@gmail.com)
[info] i  emulators: Starting emulators: functions {"metadata":{"emulator":{"name":"hub"},"message":"Starting emulators: functions"}}
[debug] [2025-01-05T10:27:02.235Z] [logging] Logging Emulator only supports listening on one address (127.0.0.1). Not listening on ::1
[debug] [2025-01-05T10:27:02.236Z] assigned listening specs for emulators {"user":{"hub":[{"address":"127.0.0.1","family":"IPv4","port":4400},{"address":"::1","family":"IPv6","port":4400}],"ui":[{"address":"127.0.0.1","family":"IPv4","port":4000},{"address":"::1","family":"IPv6","port":4000}],"logging":[{"address":"127.0.0.1","family":"IPv4","port":4500}]},"metadata":{"message":"assigned listening specs for emulators"}}
[debug] [2025-01-05T10:27:02.238Z] [hub] writing locator at /var/folders/1r/7z_x3fvs1cqdw1npjpm_dmd40000gn/T/hub-meals-to-go-860df.json
[debug] [2025-01-05T10:27:02.547Z] [functions] Functions Emulator only supports listening on one address (127.0.0.1). Not listening on ::1
[debug] [2025-01-05T10:27:02.547Z] [eventarc] Eventarc Emulator only supports listening on one address (127.0.0.1). Not listening on ::1
[debug] [2025-01-05T10:27:02.547Z] [tasks] Cloud Tasks Emulator only supports listening on one address (127.0.0.1). Not listening on ::1
[debug] [2025-01-05T10:27:02.547Z] late-assigned ports for functions and eventarc emulators {"user":{"hub":[{"address":"127.0.0.1","family":"IPv4","port":4400},{"address":"::1","family":"IPv6","port":4400}],"ui":[{"address":"127.0.0.1","family":"IPv4","port":4000},{"address":"::1","family":"IPv6","port":4000}],"logging":[{"address":"127.0.0.1","family":"IPv4","port":4500}],"functions":[{"address":"127.0.0.1","family":"IPv4","port":5001}],"eventarc":[{"address":"127.0.0.1","family":"IPv4","port":9299}],"tasks":[{"address":"127.0.0.1","family":"IPv4","port":9499}]},"metadata":{"message":"late-assigned ports for functions and eventarc emulators"}}
[warn] ⚠  functions: The following emulators are not running, calls to these services from the Functions emulator will affect production: apphosting, auth, firestore, database, hosting, pubsub, storage, dataconnect {"metadata":{"emulator":{"name":"functions"},"message":"The following emulators are not running, calls to these services from the Functions emulator will affect production: \u001b[1mapphosting, auth, firestore, database, hosting, pubsub, storage, dataconnect\u001b[22m"}}
[debug] [2025-01-05T10:27:02.548Z] defaultcredentials: writing to file /Users/serhiisolianenko/.config/firebase/cergejcolanenko_gmail_com_application_default_credentials.json
[debug] [2025-01-05T10:27:02.552Z] Setting GAC to /Users/serhiisolianenko/.config/firebase/cergejcolanenko_gmail_com_application_default_credentials.json {"metadata":{"emulator":{"name":"functions"},"message":"Setting GAC to /Users/serhiisolianenko/.config/firebase/cergejcolanenko_gmail_com_application_default_credentials.json"}}
[debug] [2025-01-05T10:27:02.553Z] Checked if tokens are valid: true, expires at: 1736076327809
[debug] [2025-01-05T10:27:02.553Z] Checked if tokens are valid: true, expires at: 1736076327809
[debug] [2025-01-05T10:27:02.554Z] >>> [apiv2][query] GET https://firebase.googleapis.com/v1beta1/projects/meals-to-go-860df/adminSdkConfig [none]
[debug] [2025-01-05T10:27:02.904Z] <<< [apiv2][status] GET https://firebase.googleapis.com/v1beta1/projects/meals-to-go-860df/adminSdkConfig 200
[debug] [2025-01-05T10:27:02.905Z] <<< [apiv2][body] GET https://firebase.googleapis.com/v1beta1/projects/meals-to-go-860df/adminSdkConfig {"projectId":"meals-to-go-860df","storageBucket":"meals-to-go-860df.firebasestorage.app"}
[info] i  functions: Watching "/Users/serhiisolianenko/WebstormProjects/MealsToGo/functions" for Cloud Functions... {"metadata":{"emulator":{"name":"functions"},"message":"Watching \"/Users/serhiisolianenko/WebstormProjects/MealsToGo/functions\" for Cloud Functions..."}}
[debug] [2025-01-05T10:27:02.932Z] Validating nodejs source
[debug] [2025-01-05T10:27:03.553Z] > [functions] package.json contents: {
  "name": "functions",
  "description": "Cloud Functions for Firebase",
  "scripts": {
    "serve": "firebase emulators:start --only functions",
    "shell": "firebase functions:shell",
    "start": "npm run shell",
    "deploy": "firebase deploy --only functions",
    "logs": "firebase functions:log"
  },
  "engines": {
    "node": "22"
  },
  "main": "index.js",
  "dependencies": {
    "firebase-admin": "^12.6.0",
    "firebase-functions": "^6.0.1"
  },
  "devDependencies": {
    "firebase-functions-test": "^3.1.0"
  },
  "private": true
}
[debug] [2025-01-05T10:27:03.553Z] Building nodejs source
[debug] [2025-01-05T10:27:03.553Z] Failed to find version of module node: reached end of search path /Users/serhiisolianenko/WebstormProjects/MealsToGo/functions/node_modules
[warn] ⚠  functions: Your requested "node" version "22" doesn't match your global version "19". Using node@19 from host. 
[debug] [2025-01-05T10:27:03.555Z] Could not find functions.yaml. Must use http discovery
[debug] [2025-01-05T10:27:03.558Z] Found firebase-functions binary at '/Users/serhiisolianenko/WebstormProjects/MealsToGo/functions/node_modules/.bin/firebase-functions'
[info] Serving at port 8717

[debug] [2025-01-05T10:27:03.805Z] Got response from /__/functions.yaml {"endpoints":{"geocode":{"availableMemoryMb":null,"timeoutSeconds":null,"minInstances":null,"maxInstances":null,"ingressSettings":null,"concurrency":null,"serviceAccountEmail":null,"vpc":null,"platform":"gcfv2","labels":{},"httpsTrigger":{},"entryPoint":"geocode"}},"specVersion":"v1alpha1","requiredAPIs":[],"extensions":{}}
[info] ✔  functions: Loaded functions definitions from source: geocode. {"metadata":{"emulator":{"name":"functions"},"message":"Loaded functions definitions from source: geocode."}}
[info] ✔  functions[us-central1-geocode]: http function initialized (http://127.0.0.1:5001/meals-to-go-860df/us-central1/geocode). {"metadata":{"emulator":{"name":"functions"},"message":"\u001b[1mhttp\u001b[22m function initialized (http://127.0.0.1:5001/meals-to-go-860df/us-central1/geocode)."}}
[debug] [2025-01-05T10:27:08.833Z] Could not find VSCode notification endpoint: FetchError: request to http://localhost:40001/vscode/notify failed, reason: connect ECONNREFUSED ::1:40001. If you are not running the Firebase Data Connect VSCode extension, this is expected and not an issue.
[info] 
┌─────────────────────────────────────────────────────────────┐
│ ✔  All emulators ready! It is now safe to connect your app. │
│ i  View Emulator UI at http://127.0.0.1:4000/               │
└─────────────────────────────────────────────────────────────┘

┌───────────┬────────────────┬─────────────────────────────────┐
│ Emulator  │ Host:Port      │ View in Emulator UI             │
├───────────┼────────────────┼─────────────────────────────────┤
│ Functions │ 127.0.0.1:5001 │ http://127.0.0.1:4000/functions │
└───────────┴────────────────┴─────────────────────────────────┘
  Emulator Hub running at 127.0.0.1:4400
  Other reserved ports: 4500

Issues? Report them at https://github.com/firebase/firebase-tools/issues and attach the *-debug.log files.
 
[debug] [2025-01-05T10:31:36.586Z] File /Users/serhiisolianenko/WebstormProjects/MealsToGo/functions/index.js changed, reloading triggers {"metadata":{"emulator":{"name":"functions"},"message":"File /Users/serhiisolianenko/WebstormProjects/MealsToGo/functions/index.js changed, reloading triggers"}}
[debug] [2025-01-05T10:31:37.592Z] Validating nodejs source
[debug] [2025-01-05T10:31:38.307Z] > [functions] package.json contents: {
  "name": "functions",
  "description": "Cloud Functions for Firebase",
  "scripts": {
    "serve": "firebase emulators:start --only functions",
    "shell": "firebase functions:shell",
    "start": "npm run shell",
    "deploy": "firebase deploy --only functions",
    "logs": "firebase functions:log"
  },
  "engines": {
    "node": "22"
  },
  "main": "index.js",
  "dependencies": {
    "firebase-admin": "^12.6.0",
    "firebase-functions": "^6.0.1"
  },
  "devDependencies": {
    "firebase-functions-test": "^3.1.0"
  },
  "private": true
}
[debug] [2025-01-05T10:31:38.307Z] Building nodejs source
[debug] [2025-01-05T10:31:38.307Z] Failed to find version of module node: reached end of search path /Users/serhiisolianenko/WebstormProjects/MealsToGo/functions/node_modules
[warn] ⚠  functions: Your requested "node" version "22" doesn't match your global version "19". Using node@19 from host. 
[debug] [2025-01-05T10:31:38.308Z] Could not find functions.yaml. Must use http discovery
[debug] [2025-01-05T10:31:38.309Z] Found firebase-functions binary at '/Users/serhiisolianenko/WebstormProjects/MealsToGo/functions/node_modules/.bin/firebase-functions'
[info] Serving at port 8821

[debug] [2025-01-05T10:31:38.564Z] Got response from /__/functions.yaml {"endpoints":{"geocode":{"availableMemoryMb":null,"timeoutSeconds":null,"minInstances":null,"maxInstances":null,"ingressSettings":null,"concurrency":null,"serviceAccountEmail":null,"vpc":null,"platform":"gcfv2","labels":{},"httpsTrigger":{},"entryPoint":"geocode"}},"specVersion":"v1alpha1","requiredAPIs":[],"extensions":{}}
[info] ✔  functions: Loaded functions definitions from source: geocode. {"metadata":{"emulator":{"name":"functions"},"message":"Loaded functions definitions from source: geocode."}}
[debug] [2025-01-05T10:31:54.660Z] File /Users/serhiisolianenko/WebstormProjects/MealsToGo/functions/index.js changed, reloading triggers {"metadata":{"emulator":{"name":"functions"},"message":"File /Users/serhiisolianenko/WebstormProjects/MealsToGo/functions/index.js changed, reloading triggers"}}
[debug] [2025-01-05T10:31:55.663Z] Validating nodejs source
[debug] [2025-01-05T10:31:56.248Z] > [functions] package.json contents: {
  "name": "functions",
  "description": "Cloud Functions for Firebase",
  "scripts": {
    "serve": "firebase emulators:start --only functions",
    "shell": "firebase functions:shell",
    "start": "npm run shell",
    "deploy": "firebase deploy --only functions",
    "logs": "firebase functions:log"
  },
  "engines": {
    "node": "22"
  },
  "main": "index.js",
  "dependencies": {
    "firebase-admin": "^12.6.0",
    "firebase-functions": "^6.0.1"
  },
  "devDependencies": {
    "firebase-functions-test": "^3.1.0"
  },
  "private": true
}
[debug] [2025-01-05T10:31:56.248Z] Building nodejs source
[debug] [2025-01-05T10:31:56.248Z] Failed to find version of module node: reached end of search path /Users/serhiisolianenko/WebstormProjects/MealsToGo/functions/node_modules
[warn] ⚠  functions: Your requested "node" version "22" doesn't match your global version "19". Using node@19 from host. 
[debug] [2025-01-05T10:31:56.249Z] Could not find functions.yaml. Must use http discovery
[debug] [2025-01-05T10:31:56.249Z] Found firebase-functions binary at '/Users/serhiisolianenko/WebstormProjects/MealsToGo/functions/node_modules/.bin/firebase-functions'
[info] Serving at port 8480

[debug] [2025-01-05T10:31:56.586Z] Got response from /__/functions.yaml {"endpoints":{"geocode":{"availableMemoryMb":null,"timeoutSeconds":null,"minInstances":null,"maxInstances":null,"ingressSettings":null,"concurrency":null,"serviceAccountEmail":null,"vpc":null,"platform":"gcfv2","labels":{},"httpsTrigger":{},"entryPoint":"geocode"},"placesNearBy":{"availableMemoryMb":null,"timeoutSeconds":null,"minInstances":null,"maxInstances":null,"ingressSettings":null,"concurrency":null,"serviceAccountEmail":null,"vpc":null,"platform":"gcfv2","labels":{},"httpsTrigger":{},"entryPoint":"placesNearBy"}},"specVersion":"v1alpha1","requiredAPIs":[],"extensions":{}}
[info] ✔  functions: Loaded functions definitions from source: geocode, placesNearBy. {"metadata":{"emulator":{"name":"functions"},"message":"Loaded functions definitions from source: geocode, placesNearBy."}}
[info] ✔  functions[us-central1-placesNearBy]: http function initialized (http://127.0.0.1:5001/meals-to-go-860df/us-central1/placesNearBy). {"metadata":{"emulator":{"name":"functions"},"message":"\u001b[1mhttp\u001b[22m function initialized (http://127.0.0.1:5001/meals-to-go-860df/us-central1/placesNearBy)."}}
[debug] [2025-01-05T10:32:12.198Z] [work-queue] {"queuedWork":["/meals-to-go-860df/us-central1/placesNearBy-2025-01-05T10:32:12.198Z"],"queueLength":1,"runningWork":[],"workRunningCount":0}
[debug] [2025-01-05T10:32:12.199Z] [work-queue] {"queuedWork":[],"queueLength":0,"runningWork":["/meals-to-go-860df/us-central1/placesNearBy-2025-01-05T10:32:12.198Z"],"workRunningCount":1}
[debug] [2025-01-05T10:32:12.199Z] Accepted request GET /meals-to-go-860df/us-central1/placesNearBy --> us-central1-placesNearBy
[debug] [2025-01-05T10:32:12.200Z] [functions] Runtime ready! Sending request! {"metadata":{"emulator":{"name":"functions"},"message":"[functions] Runtime ready! Sending request!"}}
[debug] [2025-01-05T10:32:12.200Z] [functions] Got req.url=/meals-to-go-860df/us-central1/placesNearBy, mapping to path=/ {"metadata":{"emulator":{"name":"functions"},"message":"[functions] Got req.url=/meals-to-go-860df/us-central1/placesNearBy, mapping to path=/"}}
[debug] [2025-01-05T10:32:12.205Z] [worker-pool] addWorker(us-central1-placesNearBy) {"metadata":{"emulator":{"name":"functions"},"message":"[worker-pool] addWorker(us-central1-placesNearBy)"}}
[debug] [2025-01-05T10:32:12.205Z] [worker-pool] Adding worker with key us-central1-placesNearBy, total=1 {"metadata":{"emulator":{"name":"functions"},"message":"[worker-pool] Adding worker with key us-central1-placesNearBy, total=1"}}
[debug] [2025-01-05T10:32:13.124Z] [runtime-status] [71424] Resolved module firebase-admin {"declared":true,"installed":true,"version":"12.7.0","resolution":"/Users/serhiisolianenko/WebstormProjects/MealsToGo/functions/node_modules/firebase-admin/lib/index.js"} {"metadata":{"emulator":{"name":"functions"},"function":{"name":"us-central1-placesNearBy"},"extension":{},"message":"[runtime-status] [71424] Resolved module firebase-admin {\"declared\":true,\"installed\":true,\"version\":\"12.7.0\",\"resolution\":\"/Users/serhiisolianenko/WebstormProjects/MealsToGo/functions/node_modules/firebase-admin/lib/index.js\"}"}}
[debug] [2025-01-05T10:32:13.125Z] [runtime-status] [71424] Resolved module firebase-functions {"declared":true,"installed":true,"version":"6.2.0","resolution":"/Users/serhiisolianenko/WebstormProjects/MealsToGo/functions/node_modules/firebase-functions/lib/v2/index.js"} {"metadata":{"emulator":{"name":"functions"},"function":{"name":"us-central1-placesNearBy"},"extension":{},"message":"[runtime-status] [71424] Resolved module firebase-functions {\"declared\":true,\"installed\":true,\"version\":\"6.2.0\",\"resolution\":\"/Users/serhiisolianenko/WebstormProjects/MealsToGo/functions/node_modules/firebase-functions/lib/v2/index.js\"}"}}
[debug] [2025-01-05T10:32:13.125Z] [runtime-status] [71424] Outgoing network have been stubbed. [{"name":"http","status":"mocked"},{"name":"http","status":"mocked"},{"name":"https","status":"mocked"},{"name":"https","status":"mocked"},{"name":"net","status":"mocked"}] {"metadata":{"emulator":{"name":"functions"},"function":{"name":"us-central1-placesNearBy"},"extension":{},"message":"[runtime-status] [71424] Outgoing network have been stubbed. [{\"name\":\"http\",\"status\":\"mocked\"},{\"name\":\"http\",\"status\":\"mocked\"},{\"name\":\"https\",\"status\":\"mocked\"},{\"name\":\"https\",\"status\":\"mocked\"},{\"name\":\"net\",\"status\":\"mocked\"}]"}}
[debug] [2025-01-05T10:32:13.125Z] [runtime-status] [71424] Resolved module firebase-functions {"declared":true,"installed":true,"version":"6.2.0","resolution":"/Users/serhiisolianenko/WebstormProjects/MealsToGo/functions/node_modules/firebase-functions/lib/v2/index.js"} {"metadata":{"emulator":{"name":"functions"},"function":{"name":"us-central1-placesNearBy"},"extension":{},"message":"[runtime-status] [71424] Resolved module firebase-functions {\"declared\":true,\"installed\":true,\"version\":\"6.2.0\",\"resolution\":\"/Users/serhiisolianenko/WebstormProjects/MealsToGo/functions/node_modules/firebase-functions/lib/v2/index.js\"}"}}
[debug] [2025-01-05T10:32:13.268Z] [runtime-status] [71424] Checked functions.config() {"config":{}} {"metadata":{"emulator":{"name":"functions"},"function":{"name":"us-central1-placesNearBy"},"extension":{},"message":"[runtime-status] [71424] Checked functions.config() {\"config\":{}}"}}
[debug] [2025-01-05T10:32:13.268Z] [runtime-status] [71424] firebase-functions has been stubbed. {"functionsResolution":{"declared":true,"installed":true,"version":"6.2.0","resolution":"/Users/serhiisolianenko/WebstormProjects/MealsToGo/functions/node_modules/firebase-functions/lib/v2/index.js"}} {"metadata":{"emulator":{"name":"functions"},"function":{"name":"us-central1-placesNearBy"},"extension":{},"message":"[runtime-status] [71424] firebase-functions has been stubbed. {\"functionsResolution\":{\"declared\":true,\"installed\":true,\"version\":\"6.2.0\",\"resolution\":\"/Users/serhiisolianenko/WebstormProjects/MealsToGo/functions/node_modules/firebase-functions/lib/v2/index.js\"}}"}}
[debug] [2025-01-05T10:32:13.268Z] [runtime-status] [71424] Resolved module firebase-functions {"declared":true,"installed":true,"version":"6.2.0","resolution":"/Users/serhiisolianenko/WebstormProjects/MealsToGo/functions/node_modules/firebase-functions/lib/v2/index.js"} {"metadata":{"emulator":{"name":"functions"},"function":{"name":"us-central1-placesNearBy"},"extension":{},"message":"[runtime-status] [71424] Resolved module firebase-functions {\"declared\":true,\"installed\":true,\"version\":\"6.2.0\",\"resolution\":\"/Users/serhiisolianenko/WebstormProjects/MealsToGo/functions/node_modules/firebase-functions/lib/v2/index.js\"}"}}
[debug] [2025-01-05T10:32:13.270Z] [runtime-status] [71424] Resolved module firebase-admin {"declared":true,"installed":true,"version":"12.7.0","resolution":"/Users/serhiisolianenko/WebstormProjects/MealsToGo/functions/node_modules/firebase-admin/lib/index.js"} {"metadata":{"emulator":{"name":"functions"},"function":{"name":"us-central1-placesNearBy"},"extension":{},"message":"[runtime-status] [71424] Resolved module firebase-admin {\"declared\":true,\"installed\":true,\"version\":\"12.7.0\",\"resolution\":\"/Users/serhiisolianenko/WebstormProjects/MealsToGo/functions/node_modules/firebase-admin/lib/index.js\"}"}}
[debug] [2025-01-05T10:32:13.271Z] [runtime-status] [71424] Resolved module firebase-functions {"declared":true,"installed":true,"version":"6.2.0","resolution":"/Users/serhiisolianenko/WebstormProjects/MealsToGo/functions/node_modules/firebase-functions/lib/v2/index.js"} {"metadata":{"emulator":{"name":"functions"},"function":{"name":"us-central1-placesNearBy"},"extension":{},"message":"[runtime-status] [71424] Resolved module firebase-functions {\"declared\":true,\"installed\":true,\"version\":\"6.2.0\",\"resolution\":\"/Users/serhiisolianenko/WebstormProjects/MealsToGo/functions/node_modules/firebase-functions/lib/v2/index.js\"}"}}
[debug] [2025-01-05T10:32:13.272Z] [runtime-status] [71424] firebase-admin has been stubbed. {"adminResolution":{"declared":true,"installed":true,"version":"12.7.0","resolution":"/Users/serhiisolianenko/WebstormProjects/MealsToGo/functions/node_modules/firebase-admin/lib/index.js"}} {"metadata":{"emulator":{"name":"functions"},"function":{"name":"us-central1-placesNearBy"},"extension":{},"message":"[runtime-status] [71424] firebase-admin has been stubbed. {\"adminResolution\":{\"declared\":true,\"installed\":true,\"version\":\"12.7.0\",\"resolution\":\"/Users/serhiisolianenko/WebstormProjects/MealsToGo/functions/node_modules/firebase-admin/lib/index.js\"}}"}}
[debug] [2025-01-05T10:32:13.276Z] [runtime-status] [71424] Functions runtime initialized. {"cwd":"/Users/serhiisolianenko/WebstormProjects/MealsToGo/functions","node_version":"19.9.0"} {"metadata":{"emulator":{"name":"functions"},"function":{"name":"us-central1-placesNearBy"},"extension":{},"message":"[runtime-status] [71424] Functions runtime initialized. {\"cwd\":\"/Users/serhiisolianenko/WebstormProjects/MealsToGo/functions\",\"node_version\":\"19.9.0\"}"}}
[debug] [2025-01-05T10:32:13.276Z] [runtime-status] [71424] Listening to port: /var/folders/1r/7z_x3fvs1cqdw1npjpm_dmd40000gn/T/fire_emu_c7f8b96ba8179682.sock {"metadata":{"emulator":{"name":"functions"},"function":{"name":"us-central1-placesNearBy"},"extension":{},"message":"[runtime-status] [71424] Listening to port: /var/folders/1r/7z_x3fvs1cqdw1npjpm_dmd40000gn/T/fire_emu_c7f8b96ba8179682.sock"}}
[debug] [2025-01-05T10:32:13.325Z] [worker-us-central1-placesNearBy-6a374ca8-b06e-4670-81a2-5e69d795f4a2]: IDLE {"metadata":{"emulator":{"name":"functions"},"function":{"name":"us-central1-placesNearBy"},"extension":{},"message":"[worker-us-central1-placesNearBy-6a374ca8-b06e-4670-81a2-5e69d795f4a2]: IDLE"}}
[debug] [2025-01-05T10:32:13.325Z] [worker-pool] submitRequest(triggerId=us-central1-placesNearBy) {"metadata":{"emulator":{"name":"functions"},"message":"[worker-pool] submitRequest(triggerId=us-central1-placesNearBy)"}}
[info] i  functions: Beginning execution of "us-central1-placesNearBy" {"metadata":{"emulator":{"name":"functions"},"function":{"name":"us-central1-placesNearBy"},"extension":{},"message":"Beginning execution of \"us-central1-placesNearBy\""}}
[debug] [2025-01-05T10:32:13.326Z] [worker-us-central1-placesNearBy-6a374ca8-b06e-4670-81a2-5e69d795f4a2]: BUSY {"metadata":{"emulator":{"name":"functions"},"function":{"name":"us-central1-placesNearBy"},"extension":{},"message":"[worker-us-central1-placesNearBy-6a374ca8-b06e-4670-81a2-5e69d795f4a2]: BUSY"}}
[debug] [2025-01-05T10:32:13.329Z] Finishing up request with event=pause {"metadata":{"emulator":{"name":"functions"},"function":{"name":"us-central1-placesNearBy"},"extension":{},"message":"Finishing up request with event=pause"}}
[info] i  functions: Finished "us-central1-placesNearBy" in 3.185ms {"metadata":{"emulator":{"name":"functions"},"function":{"name":"us-central1-placesNearBy"},"extension":{},"message":"Finished \"us-central1-placesNearBy\" in 3.185ms"}}
[debug] [2025-01-05T10:32:13.329Z] [worker-us-central1-placesNearBy-6a374ca8-b06e-4670-81a2-5e69d795f4a2]: IDLE {"metadata":{"emulator":{"name":"functions"},"function":{"name":"us-central1-placesNearBy"},"extension":{},"message":"[worker-us-central1-placesNearBy-6a374ca8-b06e-4670-81a2-5e69d795f4a2]: IDLE"}}
[debug] [2025-01-05T10:32:13.330Z] Finishing up request with event=finish {"metadata":{"emulator":{"name":"functions"},"function":{"name":"us-central1-placesNearBy"},"extension":{},"message":"Finishing up request with event=finish"}}
[debug] [2025-01-05T10:32:13.330Z] Finishing up request with event=close {"metadata":{"emulator":{"name":"functions"},"function":{"name":"us-central1-placesNearBy"},"extension":{},"message":"Finishing up request with event=close"}}
[debug] [2025-01-05T10:32:13.331Z] [work-queue] {"queuedWork":[],"queueLength":0,"runningWork":[],"workRunningCount":0}
